<?xml version="1.0" encoding="UTF-8"?>
<!-- Generated by org.testng.reporters.JUnitXMLReporter -->
<testsuite ignored="0" hostname="DESKTOP-EH54C0J" failures="0" tests="5" name="Default test" time="0.082" errors="0" timestamp="07 Oct 2024 16:07:07 GMT">
  <testcase classname="org.homeWork1.HomeWorkTestNG" name="@BeforeClass browserLaunch" time="0.0">
    <failure type="org.testng.TestNGException" message="
Parameter &amp;apos;chromebrowser&amp;apos; is required by BeforeClass on method browserLaunch but has not been marked @Optional or defined
in C:\Users\Vijai\AppData\Local\Temp\testng-eclipse-116951500\testng-customsuite.xml">
      <![CDATA[org.testng.TestNGException: 
Parameter 'chromebrowser' is required by BeforeClass on method browserLaunch but has not been marked @Optional or defined
in C:\Users\Vijai\AppData\Local\Temp\testng-eclipse-116951500\testng-customsuite.xml
at org.testng.internal.Parameters.createParams(Parameters.java:290)
at org.testng.internal.Parameters.createParametersForMethod(Parameters.java:359)
at org.testng.internal.Parameters.createParameters(Parameters.java:620)
at org.testng.internal.Parameters.createConfigurationParameters(Parameters.java:190)
at org.testng.internal.Invoker.invokeConfigurations(Invoker.java:209)
at org.testng.internal.Invoker.invokeConfigurations(Invoker.java:142)
at org.testng.internal.TestMethodWorker.invokeBeforeClassMethods(TestMethodWorker.java:168)
at org.testng.internal.TestMethodWorker.run(TestMethodWorker.java:105)
at org.testng.TestRunner.privateRun(TestRunner.java:648)
at org.testng.TestRunner.run(TestRunner.java:505)
at org.testng.SuiteRunner.runTest(SuiteRunner.java:455)
at org.testng.SuiteRunner.runSequentially(SuiteRunner.java:450)
at org.testng.SuiteRunner.privateRun(SuiteRunner.java:415)
at org.testng.SuiteRunner.run(SuiteRunner.java:364)
at org.testng.SuiteRunnerWorker.runSuite(SuiteRunnerWorker.java:52)
at org.testng.SuiteRunnerWorker.run(SuiteRunnerWorker.java:84)
at org.testng.TestNG.runSuitesSequentially(TestNG.java:1208)
at org.testng.TestNG.runSuitesLocally(TestNG.java:1137)
at org.testng.TestNG.runSuites(TestNG.java:1049)
at org.testng.TestNG.run(TestNG.java:1017)
at org.testng.remote.AbstractRemoteTestNG.run(AbstractRemoteTestNG.java:115)
at org.testng.remote.RemoteTestNG.initAndRun(RemoteTestNG.java:293)
at org.testng.remote.RemoteTestNG.main(RemoteTestNG.java:91)
]]>
    </failure>
  </testcase> <!-- @BeforeClass browserLaunch -->
  <testcase classname="org.homeWork1.HomeWorkTestNG" name="login" time="0.0">
    <skipped/>
  </testcase> <!-- login -->
  <testcase classname="org.homeWork1.HomeWorkTestNG" name="sanityTest" time="0.0">
    <skipped/>
  </testcase> <!-- sanityTest -->
  <testcase classname="org.homeWork1.HomeWorkTestNG" name="brokenLinks" time="0.0">
    <skipped/>
  </testcase> <!-- brokenLinks -->
  <testcase classname="org.homeWork1.HomeWorkTestNG" name="screens" time="0.0">
    <skipped/>
  </testcase> <!-- screens -->
  <testcase classname="org.homeWork1.HomeWorkTestNG" name="sanityZero" time="0.0">
    <skipped/>
  </testcase> <!-- sanityZero -->
</testsuite> <!-- Default test -->
